1625721311484	geckodriver	INFO	Listening on 127.0.0.1:51947
1625721314509	mozrunner::runner	INFO	Running command: "C:\\Program Files\\Mozilla Firefox\\firefox.exe" "--marionette" "-foreground" "-no-remote" "-profile" "C:\\Users\\user\\AppData\\Local\\Temp\\rust_mozprofilezPBBOP"
JavaScript error: resource://gre/modules/XULStore.jsm, line 66: Error: Can't find profile directory.
console.error: SearchCache: "_readCacheFile: Error reading cache file:" (new Error("", "(unknown module)"))
1625721317777	Marionette	INFO	Listening on port 51955
1625721318191	Marionette	WARN	TLS certificate errors will be ignored for this session
1625721328328	Marionette	INFO	Stopped listening on port 51955

###!!! [Child][RunMessage] Error: Channel closing: too late to send/recv, messages will be lost


###!!! [Child][MessageChannel::SendAndWait] Error: Channel error: cannot send/recv

1625723668287	geckodriver	INFO	Listening on 127.0.0.1:65189
1625723671315	mozrunner::runner	INFO	Running command: "C:\\Program Files\\Mozilla Firefox\\firefox.exe" "--marionette" "-foreground" "-no-remote" "-profile" "C:\\Users\\user\\AppData\\Local\\Temp\\rust_mozprofile5Tqxka"
1625723698302	geckodriver	INFO	Listening on 127.0.0.1:53622
1625723701332	mozrunner::runner	INFO	Running command: "C:\\Program Files\\Mozilla Firefox\\firefox.exe" "--marionette" "-foreground" "-no-remote" "-profile" "C:\\Users\\user\\AppData\\Local\\Temp\\rust_mozprofileekg48y"
1625723701885	Marionette	INFO	Marionette enabled
console.warn: SearchSettings: "get: No settings file exists, new profile?" (new NotFoundError("Could not open the file at C:\\Users\\user\\AppData\\Local\\Temp\\rust_mozprofileekg48y\\search.json.mozlz4", (void 0)))
1625723704400	Marionette	INFO	Listening on port 53630
1625723704551	Marionette	WARN	TLS certificate errors will be ignored for this session
1625723719238	Marionette	INFO	Stopped listening on port 53630

###!!! [Child][RunMessage] Error: Channel closing: too late to send/recv, messages will be lost

1626262612946	geckodriver	INFO	Listening on 127.0.0.1:58301
1626262618088	mozrunner::runner	INFO	Running command: "C:\\Program Files\\Mozilla Firefox\\firefox.exe" "--marionette" "-foreground" "-no-remote" "-profile" "C:\\Users\\user\\AppData\\Local\\Temp\\rust_mozprofileocXIkJ"
1626262619514	Marionette	INFO	Marionette enabled
1626262622334	Marionette	INFO	Listening on port 58309
1626262622445	Marionette	WARN	TLS certificate errors will be ignored for this session
1626262627961	Marionette	WARN	Ignoring event 'DOMContentLoaded' because document has an invalid readyState of 'complete'.
1626262628028	Marionette	WARN	Ignoring event 'DOMContentLoaded' because document has an invalid readyState of 'complete'.
1626262629864	Marionette	WARN	Ignoring event 'DOMContentLoaded' because document has an invalid readyState of 'complete'.
1626262647242	Marionette	INFO	Stopped listening on port 58309
1626262652088	geckodriver	INFO	Listening on 127.0.0.1:58398
1626262656738	mozrunner::runner	INFO	Running command: "C:\\Program Files\\Mozilla Firefox\\firefox.exe" "--marionette" "-foreground" "-no-remote" "-profile" "C:\\Users\\user\\AppData\\Local\\Temp\\rust_mozprofileIOFtId"
1626262657474	Marionette	INFO	Marionette enabled
1626262659084	Marionette	INFO	Listening on port 58406
1626262659431	Marionette	WARN	TLS certificate errors will be ignored for this session
1626262664521	Marionette	WARN	Ignoring event 'DOMContentLoaded' because document has an invalid readyState of 'complete'.
1626262664584	Marionette	WARN	Ignoring event 'DOMContentLoaded' because document has an invalid readyState of 'complete'.
1626262765302	geckodriver	INFO	Listening on 127.0.0.1:61026
1626262770544	mozrunner::runner	INFO	Running command: "C:\\Program Files\\Mozilla Firefox\\firefox.exe" "--marionette" "-foreground" "-no-remote" "-profile" "C:\\Users\\user\\AppData\\Local\\Temp\\rust_mozprofileptZziA"
1626262771540	Marionette	INFO	Marionette enabled
1626262774135	Marionette	INFO	Listening on port 61034
1626262774249	Marionette	WARN	TLS certificate errors will be ignored for this session
1626262779666	Marionette	WARN	Ignoring event 'DOMContentLoaded' because document has an invalid readyState of 'complete'.
1626262779728	Marionette	WARN	Ignoring event 'DOMContentLoaded' because document has an invalid readyState of 'complete'.
1626262801538	Marionette	INFO	Stopped listening on port 61034

###!!! [Child][RunMessage] Error: Channel closing: too late to send/recv, messages will be lost

1626262813268	geckodriver	INFO	Listening on 127.0.0.1:61147
1626262818127	mozrunner::runner	INFO	Running command: "C:\\Program Files\\Mozilla Firefox\\firefox.exe" "--marionette" "-foreground" "-no-remote" "-profile" "C:\\Users\\user\\AppData\\Local\\Temp\\rust_mozprofileygHuMP"
1626262818976	Marionette	INFO	Marionette enabled
1626262820930	Marionette	INFO	Listening on port 61159
1626262821314	Marionette	WARN	TLS certificate errors will be ignored for this session
1626262826532	Marionette	WARN	Ignoring event 'DOMContentLoaded' because document has an invalid readyState of 'complete'.
1626262826608	Marionette	WARN	Ignoring event 'DOMContentLoaded' because document has an invalid readyState of 'complete'.
JavaScript error: , line 0: NotFoundError: No such JSWindowActor 'MarionetteEvents'
1626262840717	Marionette	INFO	Stopped listening on port 61159

###!!! [Child][RunMessage] Error: Channel closing: too late to send/recv, messages will be lost

1626262871774	geckodriver	INFO	Listening on 127.0.0.1:61345
1626262876550	mozrunner::runner	INFO	Running command: "C:\\Program Files\\Mozilla Firefox\\firefox.exe" "--marionette" "-foreground" "-no-remote" "-profile" "C:\\Users\\user\\AppData\\Local\\Temp\\rust_mozprofile7mgctK"
1626262877062	Marionette	INFO	Marionette enabled
1626262879180	Marionette	INFO	Listening on port 61353
1626262879218	Marionette	WARN	TLS certificate errors will be ignored for this session
1626262884683	Marionette	WARN	Ignoring event 'DOMContentLoaded' because document has an invalid readyState of 'complete'.
1626262884752	Marionette	WARN	Ignoring event 'DOMContentLoaded' because document has an invalid readyState of 'complete'.
1626263237644	geckodriver	INFO	Listening on 127.0.0.1:61468
1626263242846	mozrunner::runner	INFO	Running command: "C:\\Program Files\\Mozilla Firefox\\firefox.exe" "--marionette" "-foreground" "-no-remote" "-profile" "C:\\Users\\user\\AppData\\Local\\Temp\\rust_mozprofileaNgP5Q"
1626263243491	Marionette	INFO	Marionette enabled
1626263245901	Marionette	INFO	Listening on port 61476
1626263246062	Marionette	WARN	TLS certificate errors will be ignored for this session
1626263251449	Marionette	WARN	Ignoring event 'DOMContentLoaded' because document has an invalid readyState of 'complete'.
1626263251515	Marionette	WARN	Ignoring event 'DOMContentLoaded' because document has an invalid readyState of 'complete'.
1626263292772	Marionette	INFO	Stopped listening on port 61476

###!!! [Child][RunMessage] Error: Channel closing: too late to send/recv, messages will be lost

1626267615852	geckodriver	INFO	Listening on 127.0.0.1:61840
1626267620430	mozrunner::runner	INFO	Running command: "C:\\Program Files\\Mozilla Firefox\\firefox.exe" "--marionette" "-foreground" "-no-remote" "-profile" "C:\\Users\\user\\AppData\\Local\\Temp\\rust_mozprofilezjLNTC"
1626267620856	Marionette	INFO	Marionette enabled
1626267622351	Marionette	INFO	Listening on port 61848
1626267622488	Marionette	WARN	TLS certificate errors will be ignored for this session
1626267635563	Marionette	INFO	Stopped listening on port 61848

###!!! [Child][RunMessage] Error: Channel closing: too late to send/recv, messages will be lost

1626267655701	geckodriver	INFO	Listening on 127.0.0.1:61937
1626267661302	mozrunner::runner	INFO	Running command: "C:\\Program Files\\Mozilla Firefox\\firefox.exe" "--marionette" "-foreground" "-no-remote" "-profile" "C:\\Users\\user\\AppData\\Local\\Temp\\rust_mozprofileKhOsWo"
1626267661993	Marionette	INFO	Marionette enabled
1626267664362	Marionette	INFO	Listening on port 61947
1626267664494	Marionette	WARN	TLS certificate errors will be ignored for this session
1626267669974	Marionette	WARN	Ignoring event 'DOMContentLoaded' because document has an invalid readyState of 'complete'.
1626267670049	Marionette	WARN	Ignoring event 'DOMContentLoaded' because document has an invalid readyState of 'complete'.
1626267675991	Marionette	WARN	Ignoring event 'DOMContentLoaded' because document has an invalid readyState of 'complete'.
1626267931989	Marionette	INFO	Stopped listening on port 61947

###!!! [Child][RunMessage] Error: Channel closing: too late to send/recv, messages will be lost

1626306621680	geckodriver	INFO	Listening on 127.0.0.1:65398
1626306626965	mozrunner::runner	INFO	Running command: "C:\\Program Files\\Mozilla Firefox\\firefox.exe" "--marionette" "-foreground" "-no-remote" "-profile" "C:\\Users\\user\\AppData\\Local\\Temp\\rust_mozprofilePfeKuE"
1626306627699	Marionette	INFO	Marionette enabled
1626306629643	Marionette	INFO	Listening on port 65410
1626306630145	Marionette	WARN	TLS certificate errors will be ignored for this session
1626306635671	Marionette	WARN	Ignoring event 'DOMContentLoaded' because document has an invalid readyState of 'complete'.
1626306635745	Marionette	WARN	Ignoring event 'DOMContentLoaded' because document has an invalid readyState of 'complete'.

###!!! [Child][RunMessage] Error: Channel closing: too late to send/recv, messages will be lost

1626306654015	Marionette	INFO	Stopped listening on port 65410
1626306706765	geckodriver	INFO	Listening on 127.0.0.1:59864
1626306711627	mozrunner::runner	INFO	Running command: "C:\\Program Files\\Mozilla Firefox\\firefox.exe" "--marionette" "-foreground" "-no-remote" "-profile" "C:\\Users\\user\\AppData\\Local\\Temp\\rust_mozprofileUACVjP"
1626306712218	Marionette	INFO	Marionette enabled
1626306714143	Marionette	INFO	Listening on port 59872
1626306714309	Marionette	WARN	TLS certificate errors will be ignored for this session
1626306719965	Marionette	WARN	Ignoring event 'DOMContentLoaded' because document has an invalid readyState of 'complete'.
1626306720039	Marionette	WARN	Ignoring event 'DOMContentLoaded' because document has an invalid readyState of 'complete'.
JavaScript warning: https://nid.naver.com/inc/common/js/ko/commonUtil.js?20170214, line 27: unreachable code after return statement
JavaScript warning: https://nid.naver.com/inc/common/js/commonUtil.js, line 27: unreachable code after return statement
console.log: WebExtensions: reset-default-search: starting.
console.log: WebExtensions: reset-default-search: No addons in our list are installed.
JavaScript error: , line 0: TypeError: NetworkError when attempting to fetch resource.
1626308525015	Marionette	WARN	Ignoring event 'DOMContentLoaded' because document has an invalid readyState of 'complete'.
1626311103551	geckodriver	INFO	Listening on 127.0.0.1:53563
1626311108609	mozrunner::runner	INFO	Running command: "C:\\Program Files\\Mozilla Firefox\\firefox.exe" "--marionette" "-foreground" "-no-remote" "-profile" "C:\\Users\\user\\AppData\\Local\\Temp\\rust_mozprofile8pCydk"
1626311109282	Marionette	INFO	Marionette enabled
1626311111487	Marionette	INFO	Listening on port 53571
1626311111824	Marionette	WARN	TLS certificate errors will be ignored for this session
1626311117289	Marionette	WARN	Ignoring event 'DOMContentLoaded' because document has an invalid readyState of 'complete'.
1626311117362	Marionette	WARN	Ignoring event 'DOMContentLoaded' because document has an invalid readyState of 'complete'.
console.log: WebExtensions: reset-default-search: starting.
console.log: WebExtensions: reset-default-search: No addons in our list are installed.
1626317347566	Marionette	INFO	Stopped listening on port 53571

###!!! [Child][RunMessage] Error: Channel closing: too late to send/recv, messages will be lost

1626320182933	geckodriver	INFO	Listening on 127.0.0.1:55234
1626320187942	mozrunner::runner	INFO	Running command: "C:\\Program Files\\Mozilla Firefox\\firefox.exe" "--marionette" "-foreground" "-no-remote" "-profile" "C:\\Users\\user\\AppData\\Local\\Temp\\rust_mozprofile2WSqVc"
1626320188406	Marionette	INFO	Marionette enabled
1626320190083	Marionette	INFO	Listening on port 55242
1626320190126	Marionette	WARN	TLS certificate errors will be ignored for this session
1626320195752	Marionette	WARN	Ignoring event 'DOMContentLoaded' because document has an invalid readyState of 'complete'.
1626320195812	Marionette	WARN	Ignoring event 'DOMContentLoaded' because document has an invalid readyState of 'complete'.
console.log: WebExtensions: reset-default-search: starting.
console.log: WebExtensions: reset-default-search: No addons in our list are installed.
1626323817158	Marionette	INFO	Stopped listening on port 55242

###!!! [Child][RunMessage] Error: Channel closing: too late to send/recv, messages will be lost

1626323827573	geckodriver	INFO	Listening on 127.0.0.1:49301
1626323832877	mozrunner::runner	INFO	Running command: "C:\\Program Files\\Mozilla Firefox\\firefox.exe" "--marionette" "-foreground" "-no-remote" "-profile" "C:\\Users\\user\\AppData\\Local\\Temp\\rust_mozprofilehkyCUy"
1626323833600	Marionette	INFO	Marionette enabled
1626323835822	Marionette	INFO	Listening on port 49309
1626323836093	Marionette	WARN	TLS certificate errors will be ignored for this session
1626323841836	Marionette	WARN	Ignoring event 'DOMContentLoaded' because document has an invalid readyState of 'complete'.
1626323841901	Marionette	WARN	Ignoring event 'DOMContentLoaded' because document has an invalid readyState of 'complete'.
JavaScript error: https://ssl.pstatic.net/tveta/libs/external/js/jquery-1.8.0.min.js?20170206, line 2: SecurityError: Permission denied to access property "nodeType" on cross-origin object
JavaScript error: , line 0: NotFoundError: No such JSWindowActor 'MarionetteEvents'
1626323859272	Marionette	INFO	Stopped listening on port 49309

###!!! [Child][RunMessage] Error: Channel closing: too late to send/recv, messages will be lost

1626323917006	geckodriver	INFO	Listening on 127.0.0.1:49422
1626323922301	mozrunner::runner	INFO	Running command: "C:\\Program Files\\Mozilla Firefox\\firefox.exe" "--marionette" "-foreground" "-no-remote" "-profile" "C:\\Users\\user\\AppData\\Local\\Temp\\rust_mozprofileH61hR7"
1626323922857	Marionette	INFO	Marionette enabled
1626323924800	Marionette	INFO	Listening on port 49430
1626323924985	Marionette	WARN	TLS certificate errors will be ignored for this session
1626323930634	Marionette	WARN	Ignoring event 'DOMContentLoaded' because document has an invalid readyState of 'complete'.
1626323930694	Marionette	WARN	Ignoring event 'DOMContentLoaded' because document has an invalid readyState of 'complete'.
1626324421217	Marionette	INFO	Stopped listening on port 49430

###!!! [Child][RunMessage] Error: Channel closing: too late to send/recv, messages will be lost

1626325888572	geckodriver	INFO	Listening on 127.0.0.1:57237
1626325893290	mozrunner::runner	INFO	Running command: "C:\\Program Files\\Mozilla Firefox\\firefox.exe" "--marionette" "-foreground" "-no-remote" "-profile" "C:\\Users\\user\\AppData\\Local\\Temp\\rust_mozprofileJyBd8R"
1626325893752	Marionette	INFO	Marionette enabled
1626325895709	Marionette	INFO	Listening on port 57245
1626325895947	Marionette	WARN	TLS certificate errors will be ignored for this session
1626325901218	Marionette	WARN	Ignoring event 'DOMContentLoaded' because document has an invalid readyState of 'complete'.
1626325901284	Marionette	WARN	Ignoring event 'DOMContentLoaded' because document has an invalid readyState of 'complete'.
console.log: WebExtensions: reset-default-search: starting.
console.log: WebExtensions: reset-default-search: No addons in our list are installed.
console.warn: "Already stopped listening to websocket events for this window."
console.warn: "Already stopped listening to server sent events for this window."
JavaScript error: https://m-place.pstatic.net/assets/shared/libs/basic/require-2.3.5.min.js, line 5: Error: Script error for "https://wcs.naver.net/wcslog.js"
http://requirejs.org/docs/errors.html#scripterror
JavaScript error: https://m-place.pstatic.net/assets/shared/libs/basic/require-2.3.5.min.js, line 5: Error: Script error for "https://wcs.naver.net/wcslog.js"
http://requirejs.org/docs/errors.html#scripterror
1626328937441	Marionette	INFO	Stopped listening on port 57245

###!!! [Child][RunMessage] Error: Channel closing: too late to send/recv, messages will be lost

